==============================
test case 66000 of 990000
attempt to remove 6 values below:
   (sequential order) -6 3 -4 4 9 6 
   (value-sort order) -6 -4 3 4 6 9 
from 22 values below:
   -9 -7 -7 -6 -4 -4 -4 -4 -3 -2 -1 -1 -1 0 1 1 1 1 6 8 9 9 
gives (with 4 values successfully removed)
   -9 -7 -7 -4 -4 -4 -3 -2 -1 -1 -1 0 1 1 1 1 8 9 
==============================
test case 132000 of 990000
attempt to remove 5 values below:
   (sequential order) 4 -9 9 -1 -9 
   (value-sort order) -9 -9 -1 4 9 
from 19 values below:
   -9 -9 -7 -4 -4 -3 -3 -2 -1 0 0 0 0 1 3 4 5 8 9 
gives (with 5 values successfully removed)
   -7 -4 -4 -3 -3 -2 0 0 0 0 1 3 5 8 
==============================
test case 198000 of 990000
attempt to remove 11 values below:
   (sequential order) -1 4 -5 4 -5 -9 7 -9 0 2 -8 
   (value-sort order) -9 -9 -8 -5 -5 -1 0 2 4 4 7 
from 18 values below:
   -9 -9 -8 -8 -6 -5 -3 -2 -1 1 1 3 4 5 5 7 7 9 
gives (with 7 values successfully removed)
   -8 -6 -3 -2 1 1 3 5 5 7 9 
==============================
test case 264000 of 990000
attempt to remove 9 values below:
   (sequential order) -8 -6 7 -8 1 -3 -4 -9 7 
   (value-sort order) -9 -8 -8 -6 -4 -3 1 7 7 
from 9 values below:
   -6 -4 -1 0 1 4 5 6 7 
gives (with 4 values successfully removed)
   -1 0 4 5 6 
==============================
test case 330000 of 990000
attempt to remove 3 values below:
   (sequential order) -6 -2 8 
   (value-sort order) -6 -2 8 
from 3 values below:
   2 9 9 
gives (with 0 values successfully removed)
   2 9 9 
==============================
test case 396000 of 990000
attempt to remove 2 values below:
   (sequential order) 4 7 
   (value-sort order) 4 7 
from 10 values below:
   -7 -1 1 2 3 8 8 9 9 9 
gives (with 0 values successfully removed)
   -7 -1 1 2 3 8 8 9 9 9 
==============================
test case 462000 of 990000
attempt to remove 2 values below:
   (sequential order) -6 5 
   (value-sort order) -6 5 
from 4 values below:
   -5 0 1 8 
gives (with 0 values successfully removed)
   -5 0 1 8 
==============================
test case 528000 of 990000
attempt to remove 1 values below:
   (sequential order) -5 
   (value-sort order) -5 
from 3 values below:
   -6 3 4 
gives (with 0 values successfully removed)
   -6 3 4 
==============================
test case 594000 of 990000
attempt to remove 16 values below:
   (sequential order) 5 9 -1 9 -1 1 -9 4 7 5 -1 7 2 -1 5 8 
   (value-sort order) -9 -1 -1 -1 -1 1 2 4 5 5 5 7 7 8 9 9 
from 29 values below:
   -9 -9 -9 -6 -6 -5 -5 -5 -4 -3 -3 -1 1 1 2 3 3 4 5 5 5 6 6 6 7 7 7 7 9 
gives (with 11 values successfully removed)
   -9 -9 -6 -6 -5 -5 -5 -4 -3 -3 1 3 3 6 6 6 7 7 
==============================
test case 660000 of 990000
attempt to remove 13 values below:
   (sequential order) -2 6 0 6 0 4 -3 6 2 -8 4 -1 0 
   (value-sort order) -8 -3 -2 -1 0 0 0 2 4 4 6 6 6 
from 13 values below:
   -9 -7 -7 -6 -6 -6 -1 0 1 1 3 4 8 
gives (with 3 values successfully removed)
   -9 -7 -7 -6 -6 -6 1 1 3 8 
==============================
test case 726000 of 990000
attempt to remove 1 values below:
   (sequential order) 7 
   (value-sort order) 7 
from 1 values below:
   -8 
gives (with 0 values successfully removed)
   -8 
==============================
test case 792000 of 990000
attempt to remove 12 values below:
   (sequential order) 4 -9 -9 -7 -8 8 5 7 0 -5 2 2 
   (value-sort order) -9 -9 -8 -7 -5 0 2 2 4 5 7 8 
from 12 values below:
   -6 -6 -4 -4 -4 -4 -1 0 0 9 9 9 
gives (with 1 values successfully removed)
   -6 -6 -4 -4 -4 -4 -1 0 9 9 9 
==============================
test case 858000 of 990000
attempt to remove 17 values below:
   (sequential order) 7 -2 9 -7 4 -6 0 0 -2 -3 -5 -8 -5 6 9 6 -3 
   (value-sort order) -8 -7 -6 -5 -5 -3 -3 -2 -2 0 0 4 6 6 7 9 9 
from 24 values below:
   -9 -8 -6 -5 -3 -3 -2 -1 -1 1 2 2 3 4 4 5 6 6 7 8 8 9 9 9 
gives (with 12 values successfully removed)
   -9 -1 -1 1 2 2 3 4 5 8 8 9 
==============================
test case 924000 of 990000
attempt to remove 1 values below:
   (sequential order) -2 
   (value-sort order) -2 
from 20 values below:
   -9 -8 -7 -7 -7 -6 -5 -1 -1 0 1 2 4 4 5 8 8 8 8 9 
gives (with 0 values successfully removed)
   -9 -8 -7 -7 -7 -6 -5 -1 -1 0 1 2 4 4 5 8 8 8 8 9 
==============================
test case 990000 of 990000
attempt to remove 15 values below:
   (sequential order) 2 -6 -7 -4 1 -3 -6 -2 4 8 0 0 -7 -9 -2 
   (value-sort order) -9 -7 -7 -6 -6 -4 -3 -2 -2 0 0 1 2 4 8 
from 24 values below:
   -9 -8 -8 -7 -6 -5 -2 -2 -2 1 1 1 4 4 5 5 5 6 6 6 7 8 8 9 
gives (with 8 values successfully removed)
   -8 -8 -5 -2 1 1 4 5 5 5 6 6 6 7 8 9 
==============================
test program terminated normally
==============================
